<?xml version="1.0" encoding="UTF-8"?>
<!-- Generated by org.testng.reporters.JUnitXMLReporter -->
<testsuite hostname="Nishant1996" ignored="0" name="Test" tests="1" failures="1" timestamp="2021-04-03T23:37:07 IST" time="0.044" errors="0">
  <testcase name="TC1" time="0.0" classname="CrossBrowserTesting.MultiBrowser">
    <failure type="org.testng.TestNGException" message="
Parameter &amp;apos;browsername&amp;apos; is required by @Test on method TC1 but has not been marked @Optional or defined
in C:\Users\HP\eclipse-workspace\FRAMEWORK\testng.xml">
      <![CDATA[org.testng.TestNGException: 
Parameter 'browsername' is required by @Test on method TC1 but has not been marked @Optional or defined
in C:\Users\HP\eclipse-workspace\FRAMEWORK\testng.xml
at java.util.ArrayList.forEach(Unknown Source)
... Removed 26 stack frames]]>
    </failure>
  </testcase> <!-- TC1 -->
</testsuite> <!-- Test -->
